2025-08-08 23:06:43 - stock_picker - INFO - ==================================================
2025-08-08 23:06:43 - stock_picker - INFO - A股布林带均值回归选股系统启动
2025-08-08 23:06:43 - stock_picker - INFO - 运行模式: data
2025-08-08 23:06:43 - stock_picker - INFO - 策略: bollinger
2025-08-08 23:06:43 - stock_picker - INFO - ==================================================
2025-08-08 23:06:43 - stock_picker - INFO - 开始数据获取模式
2025-08-08 23:06:43 - stock_picker - INFO - 更新股票列表...
2025-08-08 23:08:30 - stock_picker - INFO - 获取 2025-08-08 的股票数据...
2025-08-08 23:45:02 - stock_picker - INFO - 数据获取完成
2025-08-08 23:45:02 - stock_picker - INFO - 程序执行完成
2025-08-09 00:05:42 - stock_picker - INFO - ==================================================
2025-08-09 00:05:42 - stock_picker - INFO - A股布林带均值回归选股系统启动
2025-08-09 00:05:42 - stock_picker - INFO - 运行模式: report
2025-08-09 00:05:42 - stock_picker - INFO - 策略: bollinger
2025-08-09 00:05:42 - stock_picker - INFO - ==================================================
2025-08-09 00:05:42 - stock_picker - INFO - 开始生成分析报告
2025-08-09 00:05:42 - stock_picker - INFO - 报告已生成: results/reports/2024-01-15_analysis_report.html
2025-08-09 00:05:42 - stock_picker - INFO - 程序执行完成
2025-08-09 00:08:42 - stock_picker - INFO - ==================================================
2025-08-09 00:08:42 - stock_picker - INFO - A股布林带均值回归选股系统启动
2025-08-09 00:08:42 - stock_picker - INFO - 运行模式: screen
2025-08-09 00:08:42 - stock_picker - INFO - 策略: bollinger
2025-08-09 00:08:42 - stock_picker - INFO - ==================================================
2025-08-09 00:08:42 - stock_picker - INFO - 开始选股分析模式
2025-08-09 00:08:42 - stock_picker - INFO - 执行 bollinger 策略选股，日期: 2025-08-09
2025-08-09 00:08:43 - stock_picker - INFO - 选股完成，共找到 0 只股票
2025-08-09 00:08:43 - stock_picker - INFO - 结果已保存到: results/picks/2025-08-09_bollinger_picks.csv
2025-08-09 00:08:43 - stock_picker - INFO - 程序执行完成
2025-08-09 00:09:43 - stock_picker - INFO - ==================================================
2025-08-09 00:09:43 - stock_picker - INFO - A股布林带均值回归选股系统启动
2025-08-09 00:09:43 - stock_picker - INFO - 运行模式: screen
2025-08-09 00:09:43 - stock_picker - INFO - 策略: bollinger
2025-08-09 00:09:43 - stock_picker - INFO - ==================================================
2025-08-09 00:09:43 - stock_picker - INFO - 开始选股分析模式
2025-08-09 00:09:43 - stock_picker - INFO - 执行 bollinger 策略选股，日期: 2025-08-09
2025-08-09 00:09:44 - stock_picker - INFO - 选股完成，共找到 0 只股票
2025-08-09 00:09:44 - stock_picker - INFO - 结果已保存到: results/picks/2025-08-09_bollinger_picks.csv
2025-08-09 00:09:44 - stock_picker - INFO - 程序执行完成
2025-08-09 00:10:52 - stock_picker - INFO - ==================================================
2025-08-09 00:10:52 - stock_picker - INFO - A股布林带均值回归选股系统启动
2025-08-09 00:10:52 - stock_picker - INFO - 运行模式: screen
2025-08-09 00:10:52 - stock_picker - INFO - 策略: bollinger
2025-08-09 00:10:52 - stock_picker - INFO - ==================================================
2025-08-09 00:10:52 - stock_picker - INFO - 开始选股分析模式
2025-08-09 00:10:52 - stock_picker - INFO - 执行 bollinger 策略选股，日期: 2025-08-09
2025-08-09 00:11:08 - stock_picker - INFO - 程序被用户中断
2025-08-09 00:15:49 - stock_picker - INFO - ==================================================
2025-08-09 00:15:49 - stock_picker - INFO - A股布林带均值回归选股系统启动
2025-08-09 00:15:49 - stock_picker - INFO - 运行模式: screen
2025-08-09 00:15:49 - stock_picker - INFO - 策略: bollinger
2025-08-09 00:15:49 - stock_picker - INFO - ==================================================
2025-08-09 00:15:49 - stock_picker - INFO - 开始选股分析模式
2025-08-09 00:15:49 - stock_picker - INFO - 执行 bollinger 策略选股，日期: 2025-08-09
2025-08-09 00:16:20 - stock_picker - INFO - 程序被用户中断
2025-08-09 00:18:27 - stock_picker - INFO - ==================================================
2025-08-09 00:18:27 - stock_picker - INFO - A股布林带均值回归选股系统启动
2025-08-09 00:18:27 - stock_picker - INFO - 运行模式: screen
2025-08-09 00:18:27 - stock_picker - INFO - 策略: bollinger
2025-08-09 00:18:27 - stock_picker - INFO - ==================================================
2025-08-09 00:18:27 - stock_picker - INFO - 开始选股分析模式
2025-08-09 00:18:27 - stock_picker - INFO - 执行 bollinger 策略选股，日期: 2025-08-09
2025-08-09 00:24:13 - stock_picker - INFO - 程序被用户中断
2025-08-09 00:24:21 - stock_picker - INFO - ==================================================
2025-08-09 00:24:21 - stock_picker - INFO - A股布林带均值回归选股系统启动
2025-08-09 00:24:21 - stock_picker - INFO - 运行模式: screen
2025-08-09 00:24:21 - stock_picker - INFO - 策略: bollinger
2025-08-09 00:24:21 - stock_picker - INFO - ==================================================
2025-08-09 00:24:21 - stock_picker - INFO - 开始选股分析模式
2025-08-09 00:24:21 - stock_picker - INFO - 执行 bollinger 策略选股，日期: 2025-08-09
2025-08-09 00:24:46 - stock_picker - INFO - 程序被用户中断
2025-08-09 22:31:32 - stock_picker - INFO - ==================================================
2025-08-09 22:31:32 - stock_picker - INFO - A股布林带均值回归选股系统启动
2025-08-09 22:31:32 - stock_picker - INFO - 运行模式: report
2025-08-09 22:31:32 - stock_picker - INFO - 策略: bollinger
2025-08-09 22:31:32 - stock_picker - INFO - ==================================================
2025-08-09 22:31:32 - stock_picker - INFO - 开始生成分析报告
2025-08-09 22:31:32 - stock_picker - INFO - 报告已生成: results/reports/2024-01-15_analysis_report.html
2025-08-09 22:31:32 - stock_picker - INFO - 程序执行完成
2025-08-09 22:35:28 - stock_picker - INFO - ==================================================
2025-08-09 22:35:28 - stock_picker - INFO - A股布林带均值回归选股系统启动
2025-08-09 22:35:28 - stock_picker - INFO - 运行模式: report
2025-08-09 22:35:28 - stock_picker - INFO - 策略: bollinger
2025-08-09 22:35:28 - stock_picker - INFO - ==================================================
2025-08-09 22:35:28 - stock_picker - INFO - 开始生成分析报告
2025-08-09 22:35:28 - stock_picker - INFO - 报告已生成: results/reports/2024-01-15_analysis_report.html
2025-08-09 22:35:28 - stock_picker - INFO - 程序执行完成
2025-08-09 22:35:45 - stock_picker - INFO - ==================================================
2025-08-09 22:35:45 - stock_picker - INFO - A股布林带均值回归选股系统启动
2025-08-09 22:35:45 - stock_picker - INFO - 运行模式: report
2025-08-09 22:35:45 - stock_picker - INFO - 策略: bollinger
2025-08-09 22:35:45 - stock_picker - INFO - ==================================================
2025-08-09 22:35:45 - stock_picker - INFO - 开始生成分析报告
2025-08-09 22:35:45 - stock_picker - INFO - 报告已生成: results/reports/2025-08-09_analysis_report.html
2025-08-09 22:35:45 - stock_picker - INFO - 程序执行完成
2025-08-09 22:42:02 - stock_picker - INFO - ==================================================
2025-08-09 22:42:02 - stock_picker - INFO - A股布林带均值回归选股系统启动
2025-08-09 22:42:02 - stock_picker - INFO - 运行模式: screen
2025-08-09 22:42:02 - stock_picker - INFO - 策略: bollinger
2025-08-09 22:42:02 - stock_picker - INFO - ==================================================
2025-08-09 22:42:02 - stock_picker - INFO - 开始选股分析模式
2025-08-09 22:42:02 - stock_picker - INFO - 执行 bollinger 策略选股，日期: 2025-08-09
2025-08-09 22:42:14 - stock_picker - INFO - 程序被用户中断
2025-08-09 22:44:07 - stock_picker - INFO - ==================================================
2025-08-09 22:44:07 - stock_picker - INFO - A股布林带均值回归选股系统启动
2025-08-09 22:44:07 - stock_picker - INFO - 运行模式: screen
2025-08-09 22:44:07 - stock_picker - INFO - 策略: bollinger
2025-08-09 22:44:07 - stock_picker - INFO - ==================================================
2025-08-09 22:44:07 - stock_picker - INFO - 开始选股分析模式
2025-08-09 22:44:07 - stock_picker - INFO - 执行 bollinger 策略选股，日期: 2025-08-09
2025-08-09 22:51:40 - stock_picker - INFO - 程序被用户中断
2025-08-09 22:51:42 - stock_picker - INFO - ==================================================
2025-08-09 22:51:42 - stock_picker - INFO - A股布林带均值回归选股系统启动
2025-08-09 22:51:42 - stock_picker - INFO - 运行模式: screen
2025-08-09 22:51:42 - stock_picker - INFO - 策略: bollinger
2025-08-09 22:51:42 - stock_picker - INFO - ==================================================
2025-08-09 22:51:42 - stock_picker - INFO - 开始选股分析模式
2025-08-09 22:51:42 - stock_picker - INFO - 执行 bollinger 策略选股，日期: 2025-08-09
2025-08-09 22:51:50 - stock_picker - INFO - 程序被用户中断
